[2026-04-14T10:59:33Z] === ENRICH ITERATION 1 START | repo=pylint-dev/pylint sha=e808f895 ===
[2026-04-14T10:59:33Z] [iter=1] PHASE START: enrich repo=pylint-dev/pylint sha=e808f895 runlog=/home/runner/work/forx/forx/storage/aggregate/lsp/logs/e808f895-enrich-iter-001.log output=/home/runner/work/forx/forx/storage/aggregate/lsp/e808f895d9ac2bdc0de8a544784dba88c2dbf47d.nq.gz
[2026-04-14T10:59:33Z] [iter=1] Step 1: Loading AST into disk-backed store mem_mb=77 MB
[2026-04-14T10:59:53Z] [iter=1] AST store loaded triples=2355110 load_secs=19 mem_mb=891 MB
[2026-04-14T10:59:53Z] [iter=1] Step 2: Finding LSP targets mem_mb=891 MB
[2026-04-14T10:59:58Z] [iter=1] LSP targets found call_sites=14400 imports=1593 extends=998 implements=0 secs=5
[2026-04-14T11:00:03Z] [iter=1] Step 2.7: Building position index (one-shot, shared across resolvers) mem_mb=891 MB
[2026-04-14T11:00:18Z] [iter=1] Position index built positions=168595 nodes_with_types=212492 secs=15 mem_mb=891 MB
[2026-04-14T11:00:18Z] [iter=1] Step 3: Starting LSP resolution mem_mb=891 MB already_completed_types=[] already_completed_files=0
[2026-04-14T11:00:18Z] [iter=1] Resolving target type target_type=call_site count=14400
[2026-04-14T11:00:19Z] [iter=1] HEARTBEAT target_type=call_site elapsed_min=0.8 files_done=0 resolved=0 errors=0 current=pylint/checkers/variables.py
[2026-04-14T11:05:05Z] [iter=1] HEARTBEAT target_type=call_site elapsed_min=5.5 files_done=1 resolved=162 errors=308 current=tests/functional/u/use/using_constant_test.py
[2026-04-14T11:06:56Z] [iter=1] HEARTBEAT target_type=call_site elapsed_min=7.4 files_done=4 resolved=198 errors=426 current=tests/unittest_pyreverse_writer.py
[2026-04-14T11:11:24Z] [iter=1] HEARTBEAT target_type=call_site elapsed_min=11.9 files_done=6 resolved=400 errors=715 current=tests/extensions/test_check_docs.py
[2026-04-14T11:15:38Z] [iter=1] HEARTBEAT target_type=call_site elapsed_min=16.1 files_done=7 resolved=402 errors=1003 current=tests/extensions/test_check_mccabe.py
[2026-04-14T11:20:17Z] [iter=1] HEARTBEAT target_type=call_site elapsed_min=20.7 files_done=9 resolved=556 errors=1314 current=tests/checkers/unittest_classes.py
[2026-04-14T11:21:04Z] [iter=1] HEARTBEAT target_type=call_site elapsed_min=21.5 files_done=10 resolved=561 errors=1366 current=pylint/checkers/refactoring/refactoring_checker.py
[2026-04-14T11:24:50Z] [iter=1] HEARTBEAT target_type=call_site elapsed_min=25.3 files_done=11 resolved=789 errors=1608 current=tests/message/unittest_message_definition_store.py
[2026-04-14T11:29:55Z] [iter=1] HEARTBEAT target_type=call_site elapsed_min=30.4 files_done=13 resolved=797 errors=1937 current=pylint/extensions/docparams.py
[2026-04-14T11:31:17Z] [iter=1] HEARTBEAT target_type=call_site elapsed_min=31.7 files_done=14 resolved=814 errors=2025 current=pylint/checkers/base.py
[2026-04-14T11:37:18Z] [iter=1] HEARTBEAT target_type=call_site elapsed_min=37.8 files_done=15 resolved=1035 errors=2412 current=pylint/checkers/misc.py
[2026-04-14T11:38:27Z] [iter=1] HEARTBEAT target_type=call_site elapsed_min=38.9 files_done=17 resolved=1085 errors=2486 current=tests/functional/s/super/super_with_arguments.py
[2026-04-14T11:40:07Z] [iter=1] HEARTBEAT target_type=call_site elapsed_min=40.6 files_done=19 resolved=1165 errors=2596 current=pylint/reporters/ureports/nodes.py
[2026-04-14T11:41:04Z] [iter=1] HEARTBEAT target_type=call_site elapsed_min=41.5 files_done=21 resolved=1189 errors=2659 current=pylint/lint/pylinter.py
[2026-04-14T11:43:42Z] [iter=1] HEARTBEAT target_type=call_site elapsed_min=44.1 files_done=22 resolved=1239 errors=2835 current=tests/functional/a/arguments.py
[2026-04-14T11:44:32Z] [iter=1] HEARTBEAT target_type=call_site elapsed_min=45.0 files_done=23 resolved=1269 errors=2891 current=pylint/extensions/confusing_elif.py
[2026-04-14T11:46:02Z] [iter=1] HEARTBEAT target_type=call_site elapsed_min=46.5 files_done=25 resolved=1334 errors=2992 current=tests/lint/unittest_lint.py
[2026-04-14T11:49:29Z] [iter=1] HEARTBEAT target_type=call_site elapsed_min=49.9 files_done=26 resolved=1438 errors=3214 current=pylint/pyreverse/diagrams.py
[2026-04-14T11:50:17Z] [iter=1] HEARTBEAT target_type=call_site elapsed_min=50.7 files_done=27 resolved=1457 errors=3267 current=tests/regrtest_data/fail_under_plus7_5.py
[2026-04-14T11:52:13Z] [iter=1] HEARTBEAT target_type=call_site elapsed_min=52.7 files_done=29 resolved=1545 errors=3392 current=pylint/checkers/format.py
[2026-04-14T11:53:20Z] [iter=1] HEARTBEAT target_type=call_site elapsed_min=53.8 files_done=30 resolved=1574 errors=3465 current=tests/test_self.py
[2026-04-14T11:56:18Z] [iter=1] HEARTBEAT target_type=call_site elapsed_min=56.7 files_done=31 resolved=1720 errors=3650 current=pylint/config/option_parser.py
[2026-04-14T11:57:22Z] [iter=1] HEARTBEAT target_type=call_site elapsed_min=57.8 files_done=33 resolved=1733 errors=3719 current=tests/functional/m/method_hidden.py
[2026-04-14T11:58:05Z] [iter=1] HEARTBEAT target_type=call_site elapsed_min=58.5 files_done=35 resolved=1748 errors=3765 current=tests/checkers/unittest_format.py
[2026-04-14T11:59:20Z] [iter=1] HEARTBEAT target_type=call_site elapsed_min=59.8 files_done=36 resolved=1752 errors=3845 current=pylint/checkers/deprecated.py
[2026-04-14T11:59:50Z] [iter=1] HEARTBEAT target_type=call_site elapsed_min=60.3 files_done=37 resolved=1763 errors=3878 current=tests/extensions/test_check_yields_docs.py
[2026-04-14T12:00:59Z] [iter=1] HEARTBEAT target_type=call_site elapsed_min=61.4 files_done=38 resolved=1763 errors=3952 current=pylint/extensions/broad_try_clause.py
[2026-04-14T12:01:31Z] [iter=1] HEARTBEAT target_type=call_site elapsed_min=62.0 files_done=42 resolved=1815 errors=3986 current=tests/functional/u/useless/useless_super_delegation.py
[2026-04-14T12:03:32Z] [iter=1] HEARTBEAT target_type=call_site elapsed_min=64.0 files_done=44 resolved=1929 errors=4113 current=tests/checkers/unittest_variables.py
[2026-04-14T12:04:43Z] [iter=1] HEARTBEAT target_type=call_site elapsed_min=65.2 files_done=45 resolved=1939 errors=4187 current=pylint/checkers/newstyle.py
[2026-04-14T12:05:23Z] [iter=1] HEARTBEAT target_type=call_site elapsed_min=65.8 files_done=48 resolved=1977 errors=4229 current=pylint/checkers/utils.py
[2026-04-14T12:07:48Z] [iter=1] HEARTBEAT target_type=call_site elapsed_min=68.3 files_done=49 resolved=2110 errors=4383 current=pylint/utils/ast_walker.py
[2026-04-14T12:09:02Z] [iter=1] HEARTBEAT target_type=call_site elapsed_min=69.5 files_done=51 resolved=2167 errors=4463 current=tests/message/unittest_message_definition.py
[2026-04-14T12:09:53Z] [iter=1] HEARTBEAT target_type=call_site elapsed_min=70.3 files_done=53 resolved=2199 errors=4519 current=tests/functional/d/dangerous_default_value_py30.py
[2026-04-14T12:10:27Z] [iter=1] HEARTBEAT target_type=call_site elapsed_min=70.9 files_done=55 resolved=2217 errors=4557 current=tests/functional/u/use/use_maxsplit_arg.py
[2026-04-14T12:12:08Z] [iter=1] HEARTBEAT target_type=call_site elapsed_min=72.6 files_done=57 resolved=2238 errors=4671 current=pylint/checkers/imports.py
[2026-04-14T12:14:39Z] [iter=1] HEARTBEAT target_type=call_site elapsed_min=75.1 files_done=58 resolved=2313 errors=4838 current=tests/functional/n/not_async_context_manager.py
[2026-04-14T12:15:32Z] [iter=1] HEARTBEAT target_type=call_site elapsed_min=76.0 files_done=61 resolved=2359 errors=4895 current=pylint/extensions/redefined_variable_type.py
[2026-04-14T12:16:24Z] [iter=1] HEARTBEAT target_type=call_site elapsed_min=76.8 files_done=64 resolved=2419 errors=4950 current=tests/functional/g/generated_members.py
[2026-04-14T12:16:59Z] [iter=1] HEARTBEAT target_type=call_site elapsed_min=77.4 files_done=68 resolved=2434 errors=4988 current=tests/functional/n/name/namedtuple_member_inference.py
[2026-04-14T12:17:31Z] [iter=1] HEARTBEAT target_type=call_site elapsed_min=78.0 files_done=71 resolved=2450 errors=5022 current=tests/checkers/unittest_exceptions.py
[2026-04-14T12:18:23Z] [iter=1] HEARTBEAT target_type=call_site elapsed_min=78.8 files_done=74 resolved=2475 errors=5078 current=pylint/checkers/base_checker.py
[2026-04-14T12:19:04Z] [iter=1] HEARTBEAT target_type=call_site elapsed_min=79.5 files_done=76 resolved=2483 errors=5124 current=tests/unittest_reporters_json.py
[2026-04-14T12:19:50Z] [iter=1] HEARTBEAT target_type=call_site elapsed_min=80.3 files_done=78 resolved=2491 errors=5175 current=pylint/testutils/lint_module_test.py
[2026-04-14T12:20:39Z] [iter=1] HEARTBEAT target_type=call_site elapsed_min=81.1 files_done=79 resolved=2519 errors=5229 current=pylint/lint/run.py
[2026-04-14T12:21:24Z] [iter=1] HEARTBEAT target_type=call_site elapsed_min=81.8 files_done=80 resolved=2555 errors=5278 current=tests/functional/f/func_disable_linebased.py
[2026-04-14T12:21:55Z] [iter=1] HEARTBEAT target_type=call_site elapsed_min=82.4 files_done=87 resolved=2614 errors=5312 current=tests/functional/u/unsupported/unsupported_delete_operation.py
[2026-04-14T12:23:17Z] [iter=1] HEARTBEAT target_type=call_site elapsed_min=83.7 files_done=90 resolved=2626 errors=5404 current=tests/checkers/unittest_deprecated.py
[2026-04-14T12:24:22Z] [iter=1] HEARTBEAT target_type=call_site elapsed_min=84.8 files_done=91 resolved=2626 errors=5477 current=tests/functional/c/condition_evals_to_constant.py
[2026-04-14T12:25:16Z] [iter=1] HEARTBEAT target_type=call_site elapsed_min=85.7 files_done=95 resolved=2685 errors=5538 current=pylint/pyreverse/diadefslib.py
[2026-04-14T12:25:56Z] [iter=1] HEARTBEAT target_type=call_site elapsed_min=86.4 files_done=96 resolved=2693 errors=5582 current=pylint/testutils/checker_test_case.py
[2026-04-14T12:26:28Z] [iter=1] HEARTBEAT target_type=call_site elapsed_min=86.9 files_done=99 resolved=2735 errors=5617 current=pylint/extensions/mccabe.py
[2026-04-14T12:27:01Z] [iter=1] HEARTBEAT target_type=call_site elapsed_min=87.5 files_done=100 resolved=2741 errors=5654 current=tests/functional/c/class_members_py30.py
[2026-04-14T12:29:51Z] [iter=1] HEARTBEAT target_type=call_site elapsed_min=90.3 files_done=105 resolved=2775 errors=5845 current=tests/functional/u/useless/useless_else_on_loop.py
[2026-04-14T12:30:46Z] [iter=1] HEARTBEAT target_type=call_site elapsed_min=91.2 files_done=109 resolved=2841 errors=5903 current=tests/functional/m/mapping_context.py
[2026-04-14T12:31:46Z] [iter=1] HEARTBEAT target_type=call_site elapsed_min=92.2 files_done=115 resolved=2921 errors=5967 current=tests/extensions/test_overlapping_exceptions.py
[2026-04-14T12:34:17Z] [iter=1] HEARTBEAT target_type=call_site elapsed_min=94.7 files_done=118 resolved=2950 errors=6127 current=tests/functional/b/bad_reversed_sequence.py
[2026-04-14T12:34:49Z] [iter=1] HEARTBEAT target_type=call_site elapsed_min=95.3 files_done=121 resolved=2991 errors=6162 current=tests/checkers/unittest_stdlib.py
[2026-04-14T12:35:34Z] [iter=1] HEARTBEAT target_type=call_site elapsed_min=96.0 files_done=124 resolved=3020 errors=6209 current=tests/functional/i/iterable_context_py36.py
[2026-04-14T12:36:09Z] [iter=1] HEARTBEAT target_type=call_site elapsed_min=96.6 files_done=129 resolved=3163 errors=6244 current=pylint/pyreverse/vcgutils.py
[2026-04-14T12:36:58Z] [iter=1] HEARTBEAT target_type=call_site elapsed_min=97.4 files_done=131 resolved=3195 errors=6296 current=pylint/config/find_default_config_files.py
[2026-04-14T12:38:19Z] [iter=1] HEARTBEAT target_type=call_site elapsed_min=98.8 files_done=133 resolved=3260 errors=6383 current=pylint/utils/utils.py
[2026-04-14T12:38:53Z] [iter=1] HEARTBEAT target_type=call_site elapsed_min=99.3 files_done=134 resolved=3305 errors=6419 current=tests/checkers/unittest_strings.py
[2026-04-14T12:40:21Z] [iter=1] HEARTBEAT target_type=call_site elapsed_min=100.8 files_done=138 resolved=3343 errors=6513 current=script/bump_changelog.py
[2026-04-14T12:40:56Z] [iter=1] HEARTBEAT target_type=call_site elapsed_min=101.4 files_done=139 resolved=3358 errors=6550 current=pylint/message/message_handler_mix_in.py
[2026-04-14T12:42:00Z] [iter=1] HEARTBEAT target_type=call_site elapsed_min=102.4 files_done=140 resolved=3369 errors=6618 current=tests/functional/i/inconsistent/inconsistent_returns.py
[2026-04-14T12:42:38Z] [iter=1] HEARTBEAT target_type=call_site elapsed_min=103.1 files_done=145 resolved=3440 errors=6659 current=tests/regrtest_data/dummy_plugin/dummy_plugin.py
[2026-04-14T12:43:28Z] [iter=1] HEARTBEAT target_type=call_site elapsed_min=103.9 files_done=147 resolved=3463 errors=6713 current=pylint/config/option_manager_mixin.py
[2026-04-14T12:44:27Z] [iter=1] HEARTBEAT target_type=call_site elapsed_min=104.9 files_done=148 resolved=3502 errors=6775 current=tests/functional/c/ctor_arguments.py
[2026-04-14T12:45:09Z] [iter=1] HEARTBEAT target_type=call_site elapsed_min=105.6 files_done=151 resolved=3526 errors=6820 current=tests/functional/i/invalid/e/invalid_envvar_value.py
[2026-04-14T12:45:55Z] [iter=1] HEARTBEAT target_type=call_site elapsed_min=106.4 files_done=153 resolved=3581 errors=6869 current=tests/functional/u/undefined/undefined_loop_variable.py
[2026-04-14T12:46:35Z] [iter=1] HEARTBEAT target_type=call_site elapsed_min=107.0 files_done=160 resolved=3644 errors=6912 current=tests/functional/n/not_callable.py
[2026-04-14T12:47:16Z] [iter=1] HEARTBEAT target_type=call_site elapsed_min=107.7 files_done=163 resolved=3666 errors=6956 current=pylint/checkers/refactoring/len_checker.py
[2026-04-14T12:48:05Z] [iter=1] HEARTBEAT target_type=call_site elapsed_min=108.5 files_done=174 resolved=3746 errors=7008 current=tests/functional/b/bad_open_mode_py3.py
[2026-04-14T12:48:38Z] [iter=1] HEARTBEAT target_type=call_site elapsed_min=109.1 files_done=177 resolved=3784 errors=7043 current=pylint/extensions/overlapping_exceptions.py
[2026-04-14T12:49:15Z] [iter=1] HEARTBEAT target_type=call_site elapsed_min=109.7 files_done=180 resolved=3818 errors=7082 current=tests/checkers/unittest_logging.py
[2026-04-14T12:50:04Z] [iter=1] HEARTBEAT target_type=call_site elapsed_min=110.5 files_done=181 resolved=3818 errors=7135 current=pylint/lint/report_functions.py
[2026-04-14T12:50:39Z] [iter=1] HEARTBEAT target_type=call_site elapsed_min=111.1 files_done=185 resolved=3829 errors=7172 current=tests/functional/u/unidiomatic_typecheck.py
[2026-04-14T12:51:09Z] [iter=1] HEARTBEAT target_type=call_site elapsed_min=111.6 files_done=188 resolved=3899 errors=7204 current=tests/functional/a/assign/assigning_non_slot.py
[2026-04-14T12:51:45Z] [iter=1] HEARTBEAT target_type=call_site elapsed_min=112.2 files_done=195 resolved=3945 errors=7242 current=tests/unittest_reporting.py
[2026-04-14T12:52:17Z] [iter=1] HEARTBEAT target_type=call_site elapsed_min=112.7 files_done=196 resolved=3962 errors=7277 current=pylint/checkers/refactoring/not_checker.py
[2026-04-14T12:52:54Z] [iter=1] HEARTBEAT target_type=call_site elapsed_min=113.4 files_done=203 resolved=3999 errors=7316 current=tests/functional/u/unreachable.py
[2026-04-14T12:53:25Z] [iter=1] HEARTBEAT target_type=call_site elapsed_min=113.9 files_done=210 resolved=4030 errors=7348 current=pylint/testutils/get_test_info.py
[2026-04-14T12:53:56Z] [iter=1] HEARTBEAT target_type=call_site elapsed_min=114.4 files_done=214 resolved=4059 errors=7381 current=tests/functional/l/logging_not_lazy.py
[2026-04-14T12:54:30Z] [iter=1] HEARTBEAT target_type=call_site elapsed_min=114.9 files_done=222 resolved=4116 errors=7417 current=tests/functional/d/duplicate_except.py
[2026-04-14T12:55:04Z] [iter=1] HEARTBEAT target_type=call_site elapsed_min=115.5 files_done=226 resolved=4131 errors=7453 current=pylint/testutils/constants.py
[2026-04-14T12:55:34Z] [iter=1] HEARTBEAT target_type=call_site elapsed_min=116.0 files_done=232 resolved=4197 errors=7485 current=tests/functional/l/lost_exception.py
[2026-04-14T12:56:06Z] [iter=1] HEARTBEAT target_type=call_site elapsed_min=116.6 files_done=242 resolved=4227 errors=7519 current=tests/functional/i/init_not_called.py
[2026-04-14T12:56:37Z] [iter=1] HEARTBEAT target_type=call_site elapsed_min=117.1 files_done=247 resolved=4280 errors=7552 current=tests/functional/r/regression/regression_3091.py
[2026-04-14T12:57:26Z] [iter=1] HEARTBEAT target_type=call_site elapsed_min=117.9 files_done=253 resolved=4305 errors=7602 current=tests/functional/a/access/access_to__name__.py
[2026-04-14T12:57:58Z] [iter=1] HEARTBEAT target_type=call_site elapsed_min=118.4 files_done=260 resolved=4334 errors=7636 current=tests/functional/n/new_style_class_py_30.py
[2026-04-14T12:58:48Z] [iter=1] HEARTBEAT target_type=call_site elapsed_min=119.3 files_done=265 resolved=4369 errors=7690 current=tests/extensions/test_check_docs_utils.py
[2026-04-14T12:59:25Z] [iter=1] HEARTBEAT target_type=call_site elapsed_min=119.9 files_done=273 resolved=4394 errors=7729 current=pylint/config/options_provider_mixin.py
[2026-04-14T13:00:02Z] [iter=1] HEARTBEAT target_type=call_site elapsed_min=120.5 files_done=275 resolved=4408 errors=7769 current=tests/functional/n/non/non_str_assignment_to_dunder_name.py
[2026-04-14T13:00:39Z] [iter=1] HEARTBEAT target_type=call_site elapsed_min=121.1 files_done=283 resolved=4451 errors=7808 current=tests/functional/t/too/too_few_public_methods_37.py
[2026-04-14T13:01:31Z] [iter=1] HEARTBEAT target_type=call_site elapsed_min=122.0 files_done=288 resolved=4454 errors=7864 current=tests/functional/c/consider/consider_using_with_open.py
[2026-04-14T13:02:02Z] [iter=1] HEARTBEAT target_type=call_site elapsed_min=122.5 files_done=301 resolved=4508 errors=7897 current=tests/functional/i/invalid/invalid_name.py
[2026-04-14T13:02:33Z] [iter=1] HEARTBEAT target_type=call_site elapsed_min=123.0 files_done=311 resolved=4540 errors=7930 current=tests/functional/l/logging_format_interpolation_py36.py
[2026-04-14T13:03:04Z] [iter=1] HEARTBEAT target_type=call_site elapsed_min=123.5 files_done=319 resolved=4565 errors=7962 current=tests/functional/n/no/no_dummy_redefined.py
[2026-04-14T13:03:35Z] [iter=1] HEARTBEAT target_type=call_site elapsed_min=124.0 files_done=330 resolved=4624 errors=7994 current=tests/functional/i/inconsistent/inconsistent_returns_noreturn.py
[2026-04-14T13:04:07Z] [iter=1] HEARTBEAT target_type=call_site elapsed_min=124.6 files_done=345 resolved=4684 errors=8028 current=tests/functional/i/isinstance_second_argument.py
[2026-04-14T13:04:39Z] [iter=1] HEARTBEAT target_type=call_site elapsed_min=125.1 files_done=368 resolved=4796 errors=8062 current=tests/input/func_w0401.py
[2026-04-14T13:05:09Z] [iter=1] HEARTBEAT target_type=call_site elapsed_min=125.6 files_done=380 resolved=4812 errors=8094 current=tests/functional/n/no/no_self_argument.py
[2026-04-14T13:05:41Z] [iter=1] HEARTBEAT target_type=call_site elapsed_min=126.1 files_done=396 resolved=4851 errors=8128 current=tests/functional/i/invalid/e/invalid_exceptions_raised.py
[2026-04-14T13:06:14Z] [iter=1] HEARTBEAT target_type=call_site elapsed_min=126.7 files_done=413 resolved=4893 errors=8163 current=tests/functional/t/too/too_few_public_methods.py
[2026-04-14T13:06:45Z] [iter=1] HEARTBEAT target_type=call_site elapsed_min=127.2 files_done=443 resolved=4969 errors=8195 current=tests/functional/t/typing_generic.py
[2026-04-14T13:07:16Z] [iter=1] HEARTBEAT target_type=call_site elapsed_min=127.7 files_done=490 resolved=5033 errors=8228 current=tests/regrtest_data/precedence_test.py
[2026-04-14T13:07:17Z] [iter=1] CHECKPOINT TRIGGERED elapsed_min=127.7 files_completed=500 new_files_this_iter=500 mem_mb=891 MB
[2026-04-14T13:07:17Z] [iter=1] Writing partial enrichment graph path=/home/runner/work/forx/forx/storage/aggregate/lsp/e808f895d9ac2bdc0de8a544784dba88c2dbf47d.nq.gz triples=85951
[2026-04-14T13:07:19Z] [iter=1] Checkpoint written, exiting with code 7
[2026-04-14T13:07:19Z] [iter=1] PHASE END: enrich (checkpointed) elapsed_s=7664 elapsed_min=127.7 files_completed=500
